<?xml version="1.0" encoding="UTF-8"?>
<testsuite name="com.detroitlabs.DinoDatabase.data.DinoRepositoryTest" tests="1" skipped="0" failures="0" errors="0" timestamp="2022-04-04T17:12:11" hostname="Elissas-MacBook-Pro.local" time="0.016">
  <properties/>
  <testcase name="searchResults()" classname="com.detroitlabs.DinoDatabase.data.DinoRepositoryTest" time="0.016"/>
  <system-out><![CDATA[]]></system-out>
  <system-err><![CDATA[]]></system-err>
</testsuite>
